DEB [20160127-17:45:43.713] thr=1   paramiko.transport: starting thread (client mode): 0xb71bed50L
INF [20160127-17:45:43.717] thr=1   paramiko.transport: Connected (version 2.0, client OpenSSH_7.1p1-hpn14v9)
DEB [20160127-17:45:43.718] thr=1   paramiko.transport: kex algos:[u'curve25519-sha256@libssh.org', u'diffie-hellman-group-exchange-sha256', u'diffie-hellman-group14-sha1'] server key:[u'ssh-rsa', u'ssh-ed25519'] client encrypt:[u'chacha20-poly1305@openssh.com', u'aes128-ctr', u'aes192-ctr', u'aes256-ctr', u'aes128-gcm@openssh.com', u'aes256-gcm@openssh.com'] server encrypt:[u'chacha20-poly1305@openssh.com', u'aes128-ctr', u'aes192-ctr', u'aes256-ctr', u'aes128-gcm@openssh.com', u'aes256-gcm@openssh.com'] client mac:[u'umac-64-etm@openssh.com', u'umac-128-etm@openssh.com', u'hmac-sha2-256-etm@openssh.com', u'hmac-sha2-512-etm@openssh.com', u'hmac-sha1-etm@openssh.com', u'umac-64@openssh.com', u'umac-128@openssh.com', u'hmac-sha2-256', u'hmac-sha2-512', u'hmac-sha1'] server mac:[u'umac-64-etm@openssh.com', u'umac-128-etm@openssh.com', u'hmac-sha2-256-etm@openssh.com', u'hmac-sha2-512-etm@openssh.com', u'hmac-sha1-etm@openssh.com', u'umac-64@openssh.com', u'umac-128@openssh.com', u'hmac-sha2-256', u'hmac-sha2-512', u'hmac-sha1'] client compress:[u'none', u'zlib@openssh.com'] server compress:[u'none', u'zlib@openssh.com'] client lang:[u''] server lang:[u''] kex follows?False
DEB [20160127-17:45:43.718] thr=1   paramiko.transport: Ciphers agreed: local=aes128-ctr, remote=aes128-ctr
DEB [20160127-17:45:43.718] thr=1   paramiko.transport: using kex diffie-hellman-group14-sha1; server key type ssh-rsa; cipher: local aes128-ctr, remote aes128-ctr; mac: local hmac-sha1, remote hmac-sha1; compression: local none, remote none
DEB [20160127-17:45:43.799] thr=1   paramiko.transport: Switch to new keys ...
DEB [20160127-17:45:43.814] thr=2   paramiko.transport: Adding ssh-rsa host key for 192.168.0.46: 49657eb43b7ed966e7592c0655d8d565
DEB [20160127-17:45:43.815] thr=2   paramiko.transport: Trying key 57aa487af1720de7894c7ed624ad45f1 from /home/oldbay/Dropbox/work/VEGA/web_service/deploy_resp_server/key/id_rsa
DEB [20160127-17:45:43.839] thr=1   paramiko.transport: userauth is OK
INF [20160127-17:45:43.884] thr=1   paramiko.transport: Authentication (publickey) successful!
DEB [20160127-17:45:43.888] thr=1   paramiko.transport: Received global request "hostkeys-00@openssh.com"
DEB [20160127-17:45:43.888] thr=1   paramiko.transport: Rejecting "hostkeys-00@openssh.com" global request from server.
DEB [20160127-17:45:43.890] thr=1   paramiko.transport: kex algos:[u'curve25519-sha256@libssh.org', u'diffie-hellman-group-exchange-sha256', u'diffie-hellman-group14-sha1'] server key:[u'ssh-rsa', u'ssh-ed25519'] client encrypt:[u'chacha20-poly1305@openssh.com', u'aes128-ctr', u'aes192-ctr', u'aes256-ctr', u'aes128-gcm@openssh.com', u'aes256-gcm@openssh.com'] server encrypt:[u'chacha20-poly1305@openssh.com', u'aes128-ctr', u'aes192-ctr', u'aes256-ctr', u'aes128-gcm@openssh.com', u'aes256-gcm@openssh.com'] client mac:[u'umac-64-etm@openssh.com', u'umac-128-etm@openssh.com', u'hmac-sha2-256-etm@openssh.com', u'hmac-sha2-512-etm@openssh.com', u'hmac-sha1-etm@openssh.com', u'umac-64@openssh.com', u'umac-128@openssh.com', u'hmac-sha2-256', u'hmac-sha2-512', u'hmac-sha1'] server mac:[u'umac-64-etm@openssh.com', u'umac-128-etm@openssh.com', u'hmac-sha2-256-etm@openssh.com', u'hmac-sha2-512-etm@openssh.com', u'hmac-sha1-etm@openssh.com', u'umac-64@openssh.com', u'umac-128@openssh.com', u'hmac-sha2-256', u'hmac-sha2-512', u'hmac-sha1'] client compress:[u'none', u'zlib@openssh.com'] server compress:[u'none', u'zlib@openssh.com'] client lang:[u''] server lang:[u''] kex follows?False
DEB [20160127-17:45:43.890] thr=1   paramiko.transport: Ciphers agreed: local=aes128-ctr, remote=aes128-ctr
DEB [20160127-17:45:43.890] thr=1   paramiko.transport: using kex diffie-hellman-group14-sha1; server key type ssh-rsa; cipher: local aes128-ctr, remote aes128-ctr; mac: local hmac-sha1, remote hmac-sha1; compression: local none, remote none
DEB [20160127-17:45:43.917] thr=2   paramiko.transport: [chan 1] Max packet in: 32768 bytes
DEB [20160127-17:45:43.976] thr=1   paramiko.transport: Switch to new keys ...
DEB [20160127-17:45:44.012] thr=1   paramiko.transport: [chan 1] Max packet out: 32768 bytes
DEB [20160127-17:45:44.012] thr=1   paramiko.transport: Secsh channel 1 opened.
DEB [20160127-17:45:44.018] thr=1   paramiko.transport: [chan 1] Sesch channel 1 request ok
DEB [20160127-17:45:44.044] thr=1   paramiko.transport: [chan 1] EOF received (1)
DEB [20160127-17:45:44.052] thr=3   paramiko.transport: starting thread (client mode): 0xb7160350L
INF [20160127-17:45:44.059] thr=3   paramiko.transport: Connected (version 2.0, client OpenSSH_7.1p1-hpn14v9)
DEB [20160127-17:45:44.061] thr=3   paramiko.transport: kex algos:[u'curve25519-sha256@libssh.org', u'diffie-hellman-group-exchange-sha256', u'diffie-hellman-group14-sha1'] server key:[u'ssh-rsa', u'ssh-ed25519'] client encrypt:[u'chacha20-poly1305@openssh.com', u'aes128-ctr', u'aes192-ctr', u'aes256-ctr', u'aes128-gcm@openssh.com', u'aes256-gcm@openssh.com'] server encrypt:[u'chacha20-poly1305@openssh.com', u'aes128-ctr', u'aes192-ctr', u'aes256-ctr', u'aes128-gcm@openssh.com', u'aes256-gcm@openssh.com'] client mac:[u'umac-64-etm@openssh.com', u'umac-128-etm@openssh.com', u'hmac-sha2-256-etm@openssh.com', u'hmac-sha2-512-etm@openssh.com', u'hmac-sha1-etm@openssh.com', u'umac-64@openssh.com', u'umac-128@openssh.com', u'hmac-sha2-256', u'hmac-sha2-512', u'hmac-sha1'] server mac:[u'umac-64-etm@openssh.com', u'umac-128-etm@openssh.com', u'hmac-sha2-256-etm@openssh.com', u'hmac-sha2-512-etm@openssh.com', u'hmac-sha1-etm@openssh.com', u'umac-64@openssh.com', u'umac-128@openssh.com', u'hmac-sha2-256', u'hmac-sha2-512', u'hmac-sha1'] client compress:[u'none', u'zlib@openssh.com'] server compress:[u'none', u'zlib@openssh.com'] client lang:[u''] server lang:[u''] kex follows?False
DEB [20160127-17:45:44.061] thr=3   paramiko.transport: Ciphers agreed: local=aes128-ctr, remote=aes128-ctr
DEB [20160127-17:45:44.061] thr=3   paramiko.transport: using kex diffie-hellman-group14-sha1; server key type ssh-rsa; cipher: local aes128-ctr, remote aes128-ctr; mac: local hmac-sha1, remote hmac-sha1; compression: local none, remote none
DEB [20160127-17:45:44.119] thr=3   paramiko.transport: Switch to new keys ...
DEB [20160127-17:45:44.150] thr=2   paramiko.transport: Adding ssh-rsa host key for 192.168.0.46: 49657eb43b7ed966e7592c0655d8d565
DEB [20160127-17:45:44.152] thr=2   paramiko.transport: Trying key 57aa487af1720de7894c7ed624ad45f1 from /home/oldbay/Dropbox/work/VEGA/web_service/deploy_resp_server/key/id_rsa
DEB [20160127-17:45:44.160] thr=3   paramiko.transport: userauth is OK
INF [20160127-17:45:44.201] thr=3   paramiko.transport: Authentication (publickey) successful!
DEB [20160127-17:45:44.204] thr=3   paramiko.transport: Received global request "hostkeys-00@openssh.com"
DEB [20160127-17:45:44.204] thr=3   paramiko.transport: Rejecting "hostkeys-00@openssh.com" global request from server.
DEB [20160127-17:45:44.204] thr=3   paramiko.transport: kex algos:[u'curve25519-sha256@libssh.org', u'diffie-hellman-group-exchange-sha256', u'diffie-hellman-group14-sha1'] server key:[u'ssh-rsa', u'ssh-ed25519'] client encrypt:[u'chacha20-poly1305@openssh.com', u'aes128-ctr', u'aes192-ctr', u'aes256-ctr', u'aes128-gcm@openssh.com', u'aes256-gcm@openssh.com'] server encrypt:[u'chacha20-poly1305@openssh.com', u'aes128-ctr', u'aes192-ctr', u'aes256-ctr', u'aes128-gcm@openssh.com', u'aes256-gcm@openssh.com'] client mac:[u'umac-64-etm@openssh.com', u'umac-128-etm@openssh.com', u'hmac-sha2-256-etm@openssh.com', u'hmac-sha2-512-etm@openssh.com', u'hmac-sha1-etm@openssh.com', u'umac-64@openssh.com', u'umac-128@openssh.com', u'hmac-sha2-256', u'hmac-sha2-512', u'hmac-sha1'] server mac:[u'umac-64-etm@openssh.com', u'umac-128-etm@openssh.com', u'hmac-sha2-256-etm@openssh.com', u'hmac-sha2-512-etm@openssh.com', u'hmac-sha1-etm@openssh.com', u'umac-64@openssh.com', u'umac-128@openssh.com', u'hmac-sha2-256', u'hmac-sha2-512', u'hmac-sha1'] client compress:[u'none', u'zlib@openssh.com'] server compress:[u'none', u'zlib@openssh.com'] client lang:[u''] server lang:[u''] kex follows?False
DEB [20160127-17:45:44.205] thr=3   paramiko.transport: Ciphers agreed: local=aes128-ctr, remote=aes128-ctr
DEB [20160127-17:45:44.205] thr=3   paramiko.transport: using kex diffie-hellman-group14-sha1; server key type ssh-rsa; cipher: local aes128-ctr, remote aes128-ctr; mac: local hmac-sha1, remote hmac-sha1; compression: local none, remote none
DEB [20160127-17:45:44.228] thr=2   paramiko.transport: [chan 1] Max packet in: 32768 bytes
DEB [20160127-17:45:44.286] thr=3   paramiko.transport: Switch to new keys ...
DEB [20160127-17:45:44.327] thr=3   paramiko.transport: [chan 1] Max packet out: 32768 bytes
DEB [20160127-17:45:44.327] thr=3   paramiko.transport: Secsh channel 1 opened.
DEB [20160127-17:45:44.335] thr=3   paramiko.transport: [chan 1] Sesch channel 1 request ok
DEB [20160127-17:45:44.373] thr=3   paramiko.transport: [chan 1] EOF received (1)
DEB [20160127-17:45:44.383] thr=4   paramiko.transport: starting thread (client mode): 0xb7176a90L
INF [20160127-17:45:44.391] thr=4   paramiko.transport: Connected (version 2.0, client OpenSSH_7.1p1-hpn14v9)
DEB [20160127-17:45:44.391] thr=4   paramiko.transport: kex algos:[u'curve25519-sha256@libssh.org', u'diffie-hellman-group-exchange-sha256', u'diffie-hellman-group14-sha1'] server key:[u'ssh-rsa', u'ssh-ed25519'] client encrypt:[u'chacha20-poly1305@openssh.com', u'aes128-ctr', u'aes192-ctr', u'aes256-ctr', u'aes128-gcm@openssh.com', u'aes256-gcm@openssh.com'] server encrypt:[u'chacha20-poly1305@openssh.com', u'aes128-ctr', u'aes192-ctr', u'aes256-ctr', u'aes128-gcm@openssh.com', u'aes256-gcm@openssh.com'] client mac:[u'umac-64-etm@openssh.com', u'umac-128-etm@openssh.com', u'hmac-sha2-256-etm@openssh.com', u'hmac-sha2-512-etm@openssh.com', u'hmac-sha1-etm@openssh.com', u'umac-64@openssh.com', u'umac-128@openssh.com', u'hmac-sha2-256', u'hmac-sha2-512', u'hmac-sha1'] server mac:[u'umac-64-etm@openssh.com', u'umac-128-etm@openssh.com', u'hmac-sha2-256-etm@openssh.com', u'hmac-sha2-512-etm@openssh.com', u'hmac-sha1-etm@openssh.com', u'umac-64@openssh.com', u'umac-128@openssh.com', u'hmac-sha2-256', u'hmac-sha2-512', u'hmac-sha1'] client compress:[u'none', u'zlib@openssh.com'] server compress:[u'none', u'zlib@openssh.com'] client lang:[u''] server lang:[u''] kex follows?False
DEB [20160127-17:45:44.392] thr=4   paramiko.transport: Ciphers agreed: local=aes128-ctr, remote=aes128-ctr
DEB [20160127-17:45:44.392] thr=4   paramiko.transport: using kex diffie-hellman-group14-sha1; server key type ssh-rsa; cipher: local aes128-ctr, remote aes128-ctr; mac: local hmac-sha1, remote hmac-sha1; compression: local none, remote none
DEB [20160127-17:45:44.473] thr=4   paramiko.transport: Switch to new keys ...
DEB [20160127-17:45:44.484] thr=2   paramiko.transport: Adding ssh-rsa host key for 192.168.0.46: 49657eb43b7ed966e7592c0655d8d565
DEB [20160127-17:45:44.486] thr=2   paramiko.transport: Trying key 57aa487af1720de7894c7ed624ad45f1 from /home/oldbay/Dropbox/work/VEGA/web_service/deploy_resp_server/key/id_rsa
DEB [20160127-17:45:44.514] thr=4   paramiko.transport: userauth is OK
INF [20160127-17:45:44.556] thr=4   paramiko.transport: Authentication (publickey) successful!
DEB [20160127-17:45:44.559] thr=4   paramiko.transport: Received global request "hostkeys-00@openssh.com"
DEB [20160127-17:45:44.559] thr=4   paramiko.transport: Rejecting "hostkeys-00@openssh.com" global request from server.
DEB [20160127-17:45:44.560] thr=4   paramiko.transport: kex algos:[u'curve25519-sha256@libssh.org', u'diffie-hellman-group-exchange-sha256', u'diffie-hellman-group14-sha1'] server key:[u'ssh-rsa', u'ssh-ed25519'] client encrypt:[u'chacha20-poly1305@openssh.com', u'aes128-ctr', u'aes192-ctr', u'aes256-ctr', u'aes128-gcm@openssh.com', u'aes256-gcm@openssh.com'] server encrypt:[u'chacha20-poly1305@openssh.com', u'aes128-ctr', u'aes192-ctr', u'aes256-ctr', u'aes128-gcm@openssh.com', u'aes256-gcm@openssh.com'] client mac:[u'umac-64-etm@openssh.com', u'umac-128-etm@openssh.com', u'hmac-sha2-256-etm@openssh.com', u'hmac-sha2-512-etm@openssh.com', u'hmac-sha1-etm@openssh.com', u'umac-64@openssh.com', u'umac-128@openssh.com', u'hmac-sha2-256', u'hmac-sha2-512', u'hmac-sha1'] server mac:[u'umac-64-etm@openssh.com', u'umac-128-etm@openssh.com', u'hmac-sha2-256-etm@openssh.com', u'hmac-sha2-512-etm@openssh.com', u'hmac-sha1-etm@openssh.com', u'umac-64@openssh.com', u'umac-128@openssh.com', u'hmac-sha2-256', u'hmac-sha2-512', u'hmac-sha1'] client compress:[u'none', u'zlib@openssh.com'] server compress:[u'none', u'zlib@openssh.com'] client lang:[u''] server lang:[u''] kex follows?False
DEB [20160127-17:45:44.560] thr=4   paramiko.transport: Ciphers agreed: local=aes128-ctr, remote=aes128-ctr
DEB [20160127-17:45:44.560] thr=4   paramiko.transport: using kex diffie-hellman-group14-sha1; server key type ssh-rsa; cipher: local aes128-ctr, remote aes128-ctr; mac: local hmac-sha1, remote hmac-sha1; compression: local none, remote none
DEB [20160127-17:45:44.584] thr=2   paramiko.transport: [chan 1] Max packet in: 32768 bytes
DEB [20160127-17:45:44.642] thr=4   paramiko.transport: Switch to new keys ...
DEB [20160127-17:45:44.682] thr=4   paramiko.transport: [chan 1] Max packet out: 32768 bytes
DEB [20160127-17:45:44.682] thr=4   paramiko.transport: Secsh channel 1 opened.
DEB [20160127-17:45:44.690] thr=4   paramiko.transport: [chan 1] Sesch channel 1 request ok
DEB [20160127-17:45:44.778] thr=4   paramiko.transport: [chan 1] EOF received (1)
DEB [20160127-17:45:44.814] thr=5   paramiko.transport: starting thread (client mode): 0xb7160f50L
INF [20160127-17:45:44.820] thr=5   paramiko.transport: Connected (version 2.0, client OpenSSH_7.1p1-hpn14v9)
DEB [20160127-17:45:44.821] thr=5   paramiko.transport: kex algos:[u'curve25519-sha256@libssh.org', u'diffie-hellman-group-exchange-sha256', u'diffie-hellman-group14-sha1'] server key:[u'ssh-rsa', u'ssh-ed25519'] client encrypt:[u'chacha20-poly1305@openssh.com', u'aes128-ctr', u'aes192-ctr', u'aes256-ctr', u'aes128-gcm@openssh.com', u'aes256-gcm@openssh.com'] server encrypt:[u'chacha20-poly1305@openssh.com', u'aes128-ctr', u'aes192-ctr', u'aes256-ctr', u'aes128-gcm@openssh.com', u'aes256-gcm@openssh.com'] client mac:[u'umac-64-etm@openssh.com', u'umac-128-etm@openssh.com', u'hmac-sha2-256-etm@openssh.com', u'hmac-sha2-512-etm@openssh.com', u'hmac-sha1-etm@openssh.com', u'umac-64@openssh.com', u'umac-128@openssh.com', u'hmac-sha2-256', u'hmac-sha2-512', u'hmac-sha1'] server mac:[u'umac-64-etm@openssh.com', u'umac-128-etm@openssh.com', u'hmac-sha2-256-etm@openssh.com', u'hmac-sha2-512-etm@openssh.com', u'hmac-sha1-etm@openssh.com', u'umac-64@openssh.com', u'umac-128@openssh.com', u'hmac-sha2-256', u'hmac-sha2-512', u'hmac-sha1'] client compress:[u'none', u'zlib@openssh.com'] server compress:[u'none', u'zlib@openssh.com'] client lang:[u''] server lang:[u''] kex follows?False
DEB [20160127-17:45:44.822] thr=5   paramiko.transport: Ciphers agreed: local=aes128-ctr, remote=aes128-ctr
DEB [20160127-17:45:44.822] thr=5   paramiko.transport: using kex diffie-hellman-group14-sha1; server key type ssh-rsa; cipher: local aes128-ctr, remote aes128-ctr; mac: local hmac-sha1, remote hmac-sha1; compression: local none, remote none
DEB [20160127-17:45:44.895] thr=5   paramiko.transport: Switch to new keys ...
DEB [20160127-17:45:44.915] thr=2   paramiko.transport: Adding ssh-rsa host key for 192.168.0.46: 49657eb43b7ed966e7592c0655d8d565
DEB [20160127-17:45:44.917] thr=2   paramiko.transport: Trying key 57aa487af1720de7894c7ed624ad45f1 from /home/oldbay/Dropbox/work/VEGA/web_service/deploy_resp_server/key/id_rsa
DEB [20160127-17:45:44.936] thr=5   paramiko.transport: userauth is OK
INF [20160127-17:45:44.976] thr=5   paramiko.transport: Authentication (publickey) successful!
DEB [20160127-17:45:44.979] thr=5   paramiko.transport: Received global request "hostkeys-00@openssh.com"
DEB [20160127-17:45:44.979] thr=5   paramiko.transport: Rejecting "hostkeys-00@openssh.com" global request from server.
DEB [20160127-17:45:44.980] thr=5   paramiko.transport: kex algos:[u'curve25519-sha256@libssh.org', u'diffie-hellman-group-exchange-sha256', u'diffie-hellman-group14-sha1'] server key:[u'ssh-rsa', u'ssh-ed25519'] client encrypt:[u'chacha20-poly1305@openssh.com', u'aes128-ctr', u'aes192-ctr', u'aes256-ctr', u'aes128-gcm@openssh.com', u'aes256-gcm@openssh.com'] server encrypt:[u'chacha20-poly1305@openssh.com', u'aes128-ctr', u'aes192-ctr', u'aes256-ctr', u'aes128-gcm@openssh.com', u'aes256-gcm@openssh.com'] client mac:[u'umac-64-etm@openssh.com', u'umac-128-etm@openssh.com', u'hmac-sha2-256-etm@openssh.com', u'hmac-sha2-512-etm@openssh.com', u'hmac-sha1-etm@openssh.com', u'umac-64@openssh.com', u'umac-128@openssh.com', u'hmac-sha2-256', u'hmac-sha2-512', u'hmac-sha1'] server mac:[u'umac-64-etm@openssh.com', u'umac-128-etm@openssh.com', u'hmac-sha2-256-etm@openssh.com', u'hmac-sha2-512-etm@openssh.com', u'hmac-sha1-etm@openssh.com', u'umac-64@openssh.com', u'umac-128@openssh.com', u'hmac-sha2-256', u'hmac-sha2-512', u'hmac-sha1'] client compress:[u'none', u'zlib@openssh.com'] server compress:[u'none', u'zlib@openssh.com'] client lang:[u''] server lang:[u''] kex follows?False
DEB [20160127-17:45:44.980] thr=5   paramiko.transport: Ciphers agreed: local=aes128-ctr, remote=aes128-ctr
DEB [20160127-17:45:44.980] thr=5   paramiko.transport: using kex diffie-hellman-group14-sha1; server key type ssh-rsa; cipher: local aes128-ctr, remote aes128-ctr; mac: local hmac-sha1, remote hmac-sha1; compression: local none, remote none
DEB [20160127-17:45:45.005] thr=2   paramiko.transport: [chan 1] Max packet in: 32768 bytes
DEB [20160127-17:45:45.070] thr=5   paramiko.transport: Switch to new keys ...
DEB [20160127-17:45:45.110] thr=5   paramiko.transport: [chan 1] Max packet out: 32768 bytes
DEB [20160127-17:45:45.110] thr=5   paramiko.transport: Secsh channel 1 opened.
DEB [20160127-17:45:45.118] thr=5   paramiko.transport: [chan 1] Sesch channel 1 request ok
DEB [20160127-17:45:45.563] thr=5   paramiko.transport: [chan 1] EOF received (1)
DEB [20160127-17:45:45.608] thr=6   paramiko.transport: starting thread (client mode): 0xb690c350L
INF [20160127-17:45:45.608] thr=6   paramiko.transport: Connected (version 2.0, client OpenSSH_7.1p1-hpn14v9)
DEB [20160127-17:45:45.615] thr=6   paramiko.transport: kex algos:[u'curve25519-sha256@libssh.org', u'diffie-hellman-group-exchange-sha256', u'diffie-hellman-group14-sha1'] server key:[u'ssh-rsa', u'ssh-ed25519'] client encrypt:[u'chacha20-poly1305@openssh.com', u'aes128-ctr', u'aes192-ctr', u'aes256-ctr', u'aes128-gcm@openssh.com', u'aes256-gcm@openssh.com'] server encrypt:[u'chacha20-poly1305@openssh.com', u'aes128-ctr', u'aes192-ctr', u'aes256-ctr', u'aes128-gcm@openssh.com', u'aes256-gcm@openssh.com'] client mac:[u'umac-64-etm@openssh.com', u'umac-128-etm@openssh.com', u'hmac-sha2-256-etm@openssh.com', u'hmac-sha2-512-etm@openssh.com', u'hmac-sha1-etm@openssh.com', u'umac-64@openssh.com', u'umac-128@openssh.com', u'hmac-sha2-256', u'hmac-sha2-512', u'hmac-sha1'] server mac:[u'umac-64-etm@openssh.com', u'umac-128-etm@openssh.com', u'hmac-sha2-256-etm@openssh.com', u'hmac-sha2-512-etm@openssh.com', u'hmac-sha1-etm@openssh.com', u'umac-64@openssh.com', u'umac-128@openssh.com', u'hmac-sha2-256', u'hmac-sha2-512', u'hmac-sha1'] client compress:[u'none', u'zlib@openssh.com'] server compress:[u'none', u'zlib@openssh.com'] client lang:[u''] server lang:[u''] kex follows?False
DEB [20160127-17:45:45.615] thr=6   paramiko.transport: Ciphers agreed: local=aes128-ctr, remote=aes128-ctr
DEB [20160127-17:45:45.615] thr=6   paramiko.transport: using kex diffie-hellman-group14-sha1; server key type ssh-rsa; cipher: local aes128-ctr, remote aes128-ctr; mac: local hmac-sha1, remote hmac-sha1; compression: local none, remote none
DEB [20160127-17:45:45.691] thr=6   paramiko.transport: Switch to new keys ...
DEB [20160127-17:45:45.709] thr=2   paramiko.transport: Adding ssh-rsa host key for 192.168.0.46: 49657eb43b7ed966e7592c0655d8d565
DEB [20160127-17:45:45.710] thr=2   paramiko.transport: Trying key 57aa487af1720de7894c7ed624ad45f1 from /home/oldbay/Dropbox/work/VEGA/web_service/deploy_resp_server/key/id_rsa
DEB [20160127-17:45:45.731] thr=6   paramiko.transport: userauth is OK
INF [20160127-17:45:45.773] thr=6   paramiko.transport: Authentication (publickey) successful!
DEB [20160127-17:45:45.777] thr=6   paramiko.transport: Received global request "hostkeys-00@openssh.com"
DEB [20160127-17:45:45.777] thr=6   paramiko.transport: Rejecting "hostkeys-00@openssh.com" global request from server.
DEB [20160127-17:45:45.778] thr=6   paramiko.transport: kex algos:[u'curve25519-sha256@libssh.org', u'diffie-hellman-group-exchange-sha256', u'diffie-hellman-group14-sha1'] server key:[u'ssh-rsa', u'ssh-ed25519'] client encrypt:[u'chacha20-poly1305@openssh.com', u'aes128-ctr', u'aes192-ctr', u'aes256-ctr', u'aes128-gcm@openssh.com', u'aes256-gcm@openssh.com'] server encrypt:[u'chacha20-poly1305@openssh.com', u'aes128-ctr', u'aes192-ctr', u'aes256-ctr', u'aes128-gcm@openssh.com', u'aes256-gcm@openssh.com'] client mac:[u'umac-64-etm@openssh.com', u'umac-128-etm@openssh.com', u'hmac-sha2-256-etm@openssh.com', u'hmac-sha2-512-etm@openssh.com', u'hmac-sha1-etm@openssh.com', u'umac-64@openssh.com', u'umac-128@openssh.com', u'hmac-sha2-256', u'hmac-sha2-512', u'hmac-sha1'] server mac:[u'umac-64-etm@openssh.com', u'umac-128-etm@openssh.com', u'hmac-sha2-256-etm@openssh.com', u'hmac-sha2-512-etm@openssh.com', u'hmac-sha1-etm@openssh.com', u'umac-64@openssh.com', u'umac-128@openssh.com', u'hmac-sha2-256', u'hmac-sha2-512', u'hmac-sha1'] client compress:[u'none', u'zlib@openssh.com'] server compress:[u'none', u'zlib@openssh.com'] client lang:[u''] server lang:[u''] kex follows?False
DEB [20160127-17:45:45.778] thr=6   paramiko.transport: Ciphers agreed: local=aes128-ctr, remote=aes128-ctr
DEB [20160127-17:45:45.778] thr=6   paramiko.transport: using kex diffie-hellman-group14-sha1; server key type ssh-rsa; cipher: local aes128-ctr, remote aes128-ctr; mac: local hmac-sha1, remote hmac-sha1; compression: local none, remote none
DEB [20160127-17:45:45.803] thr=2   paramiko.transport: [chan 1] Max packet in: 32768 bytes
DEB [20160127-17:45:45.855] thr=6   paramiko.transport: Switch to new keys ...
DEB [20160127-17:45:45.895] thr=6   paramiko.transport: [chan 1] Max packet out: 32768 bytes
DEB [20160127-17:45:45.895] thr=6   paramiko.transport: Secsh channel 1 opened.
DEB [20160127-17:45:45.903] thr=6   paramiko.transport: [chan 1] Sesch channel 1 request ok
DEB [20160127-17:45:46.131] thr=6   paramiko.transport: [chan 1] EOF received (1)
DEB [20160127-17:45:46.138] thr=7   paramiko.transport: starting thread (client mode): 0xb68ffe50L
INF [20160127-17:45:46.144] thr=7   paramiko.transport: Connected (version 2.0, client OpenSSH_7.1p1-hpn14v9)
DEB [20160127-17:45:46.145] thr=7   paramiko.transport: kex algos:[u'curve25519-sha256@libssh.org', u'diffie-hellman-group-exchange-sha256', u'diffie-hellman-group14-sha1'] server key:[u'ssh-rsa', u'ssh-ed25519'] client encrypt:[u'chacha20-poly1305@openssh.com', u'aes128-ctr', u'aes192-ctr', u'aes256-ctr', u'aes128-gcm@openssh.com', u'aes256-gcm@openssh.com'] server encrypt:[u'chacha20-poly1305@openssh.com', u'aes128-ctr', u'aes192-ctr', u'aes256-ctr', u'aes128-gcm@openssh.com', u'aes256-gcm@openssh.com'] client mac:[u'umac-64-etm@openssh.com', u'umac-128-etm@openssh.com', u'hmac-sha2-256-etm@openssh.com', u'hmac-sha2-512-etm@openssh.com', u'hmac-sha1-etm@openssh.com', u'umac-64@openssh.com', u'umac-128@openssh.com', u'hmac-sha2-256', u'hmac-sha2-512', u'hmac-sha1'] server mac:[u'umac-64-etm@openssh.com', u'umac-128-etm@openssh.com', u'hmac-sha2-256-etm@openssh.com', u'hmac-sha2-512-etm@openssh.com', u'hmac-sha1-etm@openssh.com', u'umac-64@openssh.com', u'umac-128@openssh.com', u'hmac-sha2-256', u'hmac-sha2-512', u'hmac-sha1'] client compress:[u'none', u'zlib@openssh.com'] server compress:[u'none', u'zlib@openssh.com'] client lang:[u''] server lang:[u''] kex follows?False
DEB [20160127-17:45:46.145] thr=7   paramiko.transport: Ciphers agreed: local=aes128-ctr, remote=aes128-ctr
DEB [20160127-17:45:46.146] thr=7   paramiko.transport: using kex diffie-hellman-group14-sha1; server key type ssh-rsa; cipher: local aes128-ctr, remote aes128-ctr; mac: local hmac-sha1, remote hmac-sha1; compression: local none, remote none
DEB [20160127-17:45:46.224] thr=7   paramiko.transport: Switch to new keys ...
DEB [20160127-17:45:46.239] thr=2   paramiko.transport: Adding ssh-rsa host key for 192.168.0.46: 49657eb43b7ed966e7592c0655d8d565
DEB [20160127-17:45:46.240] thr=2   paramiko.transport: Trying key 57aa487af1720de7894c7ed624ad45f1 from /home/oldbay/Dropbox/work/VEGA/web_service/deploy_resp_server/key/id_rsa
DEB [20160127-17:45:46.264] thr=7   paramiko.transport: userauth is OK
INF [20160127-17:45:46.306] thr=7   paramiko.transport: Authentication (publickey) successful!
DEB [20160127-17:45:46.308] thr=7   paramiko.transport: Received global request "hostkeys-00@openssh.com"
DEB [20160127-17:45:46.308] thr=7   paramiko.transport: Rejecting "hostkeys-00@openssh.com" global request from server.
DEB [20160127-17:45:46.309] thr=7   paramiko.transport: kex algos:[u'curve25519-sha256@libssh.org', u'diffie-hellman-group-exchange-sha256', u'diffie-hellman-group14-sha1'] server key:[u'ssh-rsa', u'ssh-ed25519'] client encrypt:[u'chacha20-poly1305@openssh.com', u'aes128-ctr', u'aes192-ctr', u'aes256-ctr', u'aes128-gcm@openssh.com', u'aes256-gcm@openssh.com'] server encrypt:[u'chacha20-poly1305@openssh.com', u'aes128-ctr', u'aes192-ctr', u'aes256-ctr', u'aes128-gcm@openssh.com', u'aes256-gcm@openssh.com'] client mac:[u'umac-64-etm@openssh.com', u'umac-128-etm@openssh.com', u'hmac-sha2-256-etm@openssh.com', u'hmac-sha2-512-etm@openssh.com', u'hmac-sha1-etm@openssh.com', u'umac-64@openssh.com', u'umac-128@openssh.com', u'hmac-sha2-256', u'hmac-sha2-512', u'hmac-sha1'] server mac:[u'umac-64-etm@openssh.com', u'umac-128-etm@openssh.com', u'hmac-sha2-256-etm@openssh.com', u'hmac-sha2-512-etm@openssh.com', u'hmac-sha1-etm@openssh.com', u'umac-64@openssh.com', u'umac-128@openssh.com', u'hmac-sha2-256', u'hmac-sha2-512', u'hmac-sha1'] client compress:[u'none', u'zlib@openssh.com'] server compress:[u'none', u'zlib@openssh.com'] client lang:[u''] server lang:[u''] kex follows?False
DEB [20160127-17:45:46.309] thr=7   paramiko.transport: Ciphers agreed: local=aes128-ctr, remote=aes128-ctr
DEB [20160127-17:45:46.309] thr=7   paramiko.transport: using kex diffie-hellman-group14-sha1; server key type ssh-rsa; cipher: local aes128-ctr, remote aes128-ctr; mac: local hmac-sha1, remote hmac-sha1; compression: local none, remote none
DEB [20160127-17:45:46.334] thr=2   paramiko.transport: [chan 1] Max packet in: 32768 bytes
DEB [20160127-17:45:46.386] thr=7   paramiko.transport: Switch to new keys ...
DEB [20160127-17:45:46.425] thr=7   paramiko.transport: [chan 1] Max packet out: 32768 bytes
DEB [20160127-17:45:46.426] thr=7   paramiko.transport: Secsh channel 1 opened.
DEB [20160127-17:45:46.434] thr=7   paramiko.transport: [chan 1] Sesch channel 1 request ok
DEB [20160127-17:45:46.619] thr=7   paramiko.transport: [chan 1] EOF received (1)
DEB [20160127-17:45:46.698] thr=8   paramiko.transport: starting thread (client mode): 0xb71602d0L
INF [20160127-17:45:46.703] thr=8   paramiko.transport: Connected (version 2.0, client OpenSSH_7.1p1-hpn14v9)
DEB [20160127-17:45:46.705] thr=8   paramiko.transport: kex algos:[u'curve25519-sha256@libssh.org', u'diffie-hellman-group-exchange-sha256', u'diffie-hellman-group14-sha1'] server key:[u'ssh-rsa', u'ssh-ed25519'] client encrypt:[u'chacha20-poly1305@openssh.com', u'aes128-ctr', u'aes192-ctr', u'aes256-ctr', u'aes128-gcm@openssh.com', u'aes256-gcm@openssh.com'] server encrypt:[u'chacha20-poly1305@openssh.com', u'aes128-ctr', u'aes192-ctr', u'aes256-ctr', u'aes128-gcm@openssh.com', u'aes256-gcm@openssh.com'] client mac:[u'umac-64-etm@openssh.com', u'umac-128-etm@openssh.com', u'hmac-sha2-256-etm@openssh.com', u'hmac-sha2-512-etm@openssh.com', u'hmac-sha1-etm@openssh.com', u'umac-64@openssh.com', u'umac-128@openssh.com', u'hmac-sha2-256', u'hmac-sha2-512', u'hmac-sha1'] server mac:[u'umac-64-etm@openssh.com', u'umac-128-etm@openssh.com', u'hmac-sha2-256-etm@openssh.com', u'hmac-sha2-512-etm@openssh.com', u'hmac-sha1-etm@openssh.com', u'umac-64@openssh.com', u'umac-128@openssh.com', u'hmac-sha2-256', u'hmac-sha2-512', u'hmac-sha1'] client compress:[u'none', u'zlib@openssh.com'] server compress:[u'none', u'zlib@openssh.com'] client lang:[u''] server lang:[u''] kex follows?False
DEB [20160127-17:45:46.705] thr=8   paramiko.transport: Ciphers agreed: local=aes128-ctr, remote=aes128-ctr
DEB [20160127-17:45:46.705] thr=8   paramiko.transport: using kex diffie-hellman-group14-sha1; server key type ssh-rsa; cipher: local aes128-ctr, remote aes128-ctr; mac: local hmac-sha1, remote hmac-sha1; compression: local none, remote none
DEB [20160127-17:45:46.762] thr=8   paramiko.transport: Switch to new keys ...
DEB [20160127-17:45:46.795] thr=2   paramiko.transport: Adding ssh-rsa host key for 192.168.0.46: 49657eb43b7ed966e7592c0655d8d565
DEB [20160127-17:45:46.797] thr=2   paramiko.transport: Trying key 57aa487af1720de7894c7ed624ad45f1 from /home/oldbay/Dropbox/work/VEGA/web_service/deploy_resp_server/key/id_rsa
DEB [20160127-17:45:46.804] thr=8   paramiko.transport: userauth is OK
INF [20160127-17:45:46.856] thr=8   paramiko.transport: Authentication (publickey) successful!
DEB [20160127-17:45:46.858] thr=2   paramiko.transport: [chan 1] Max packet in: 32768 bytes
DEB [20160127-17:45:46.861] thr=8   paramiko.transport: Received global request "hostkeys-00@openssh.com"
DEB [20160127-17:45:46.861] thr=8   paramiko.transport: Rejecting "hostkeys-00@openssh.com" global request from server.
DEB [20160127-17:45:46.862] thr=8   paramiko.transport: kex algos:[u'curve25519-sha256@libssh.org', u'diffie-hellman-group-exchange-sha256', u'diffie-hellman-group14-sha1'] server key:[u'ssh-rsa', u'ssh-ed25519'] client encrypt:[u'chacha20-poly1305@openssh.com', u'aes128-ctr', u'aes192-ctr', u'aes256-ctr', u'aes128-gcm@openssh.com', u'aes256-gcm@openssh.com'] server encrypt:[u'chacha20-poly1305@openssh.com', u'aes128-ctr', u'aes192-ctr', u'aes256-ctr', u'aes128-gcm@openssh.com', u'aes256-gcm@openssh.com'] client mac:[u'umac-64-etm@openssh.com', u'umac-128-etm@openssh.com', u'hmac-sha2-256-etm@openssh.com', u'hmac-sha2-512-etm@openssh.com', u'hmac-sha1-etm@openssh.com', u'umac-64@openssh.com', u'umac-128@openssh.com', u'hmac-sha2-256', u'hmac-sha2-512', u'hmac-sha1'] server mac:[u'umac-64-etm@openssh.com', u'umac-128-etm@openssh.com', u'hmac-sha2-256-etm@openssh.com', u'hmac-sha2-512-etm@openssh.com', u'hmac-sha1-etm@openssh.com', u'umac-64@openssh.com', u'umac-128@openssh.com', u'hmac-sha2-256', u'hmac-sha2-512', u'hmac-sha1'] client compress:[u'none', u'zlib@openssh.com'] server compress:[u'none', u'zlib@openssh.com'] client lang:[u''] server lang:[u''] kex follows?False
DEB [20160127-17:45:46.862] thr=8   paramiko.transport: Ciphers agreed: local=aes128-ctr, remote=aes128-ctr
DEB [20160127-17:45:46.862] thr=8   paramiko.transport: using kex diffie-hellman-group14-sha1; server key type ssh-rsa; cipher: local aes128-ctr, remote aes128-ctr; mac: local hmac-sha1, remote hmac-sha1; compression: local none, remote none
DEB [20160127-17:45:46.949] thr=8   paramiko.transport: Switch to new keys ...
DEB [20160127-17:45:46.950] thr=8   paramiko.transport: [chan 1] Max packet out: 32768 bytes
DEB [20160127-17:45:46.950] thr=8   paramiko.transport: Secsh channel 1 opened.
DEB [20160127-17:45:46.991] thr=8   paramiko.transport: [chan 1] Sesch channel 1 request ok
DEB [20160127-17:45:47.158] thr=8   paramiko.transport: [chan 1] EOF received (1)
DEB [20160127-17:45:47.234] thr=9   paramiko.transport: starting thread (client mode): 0xb68ff3d0L
INF [20160127-17:45:47.237] thr=9   paramiko.transport: Connected (version 2.0, client OpenSSH_7.1p1-hpn14v9)
DEB [20160127-17:45:47.239] thr=9   paramiko.transport: kex algos:[u'curve25519-sha256@libssh.org', u'diffie-hellman-group-exchange-sha256', u'diffie-hellman-group14-sha1'] server key:[u'ssh-rsa', u'ssh-ed25519'] client encrypt:[u'chacha20-poly1305@openssh.com', u'aes128-ctr', u'aes192-ctr', u'aes256-ctr', u'aes128-gcm@openssh.com', u'aes256-gcm@openssh.com'] server encrypt:[u'chacha20-poly1305@openssh.com', u'aes128-ctr', u'aes192-ctr', u'aes256-ctr', u'aes128-gcm@openssh.com', u'aes256-gcm@openssh.com'] client mac:[u'umac-64-etm@openssh.com', u'umac-128-etm@openssh.com', u'hmac-sha2-256-etm@openssh.com', u'hmac-sha2-512-etm@openssh.com', u'hmac-sha1-etm@openssh.com', u'umac-64@openssh.com', u'umac-128@openssh.com', u'hmac-sha2-256', u'hmac-sha2-512', u'hmac-sha1'] server mac:[u'umac-64-etm@openssh.com', u'umac-128-etm@openssh.com', u'hmac-sha2-256-etm@openssh.com', u'hmac-sha2-512-etm@openssh.com', u'hmac-sha1-etm@openssh.com', u'umac-64@openssh.com', u'umac-128@openssh.com', u'hmac-sha2-256', u'hmac-sha2-512', u'hmac-sha1'] client compress:[u'none', u'zlib@openssh.com'] server compress:[u'none', u'zlib@openssh.com'] client lang:[u''] server lang:[u''] kex follows?False
DEB [20160127-17:45:47.239] thr=9   paramiko.transport: Ciphers agreed: local=aes128-ctr, remote=aes128-ctr
DEB [20160127-17:45:47.239] thr=9   paramiko.transport: using kex diffie-hellman-group14-sha1; server key type ssh-rsa; cipher: local aes128-ctr, remote aes128-ctr; mac: local hmac-sha1, remote hmac-sha1; compression: local none, remote none
DEB [20160127-17:45:47.297] thr=9   paramiko.transport: Switch to new keys ...
DEB [20160127-17:45:47.312] thr=2   paramiko.transport: Adding ssh-rsa host key for 192.168.0.46: 49657eb43b7ed966e7592c0655d8d565
DEB [20160127-17:45:47.314] thr=2   paramiko.transport: Trying key 57aa487af1720de7894c7ed624ad45f1 from /home/oldbay/Dropbox/work/VEGA/web_service/deploy_resp_server/key/id_rsa
DEB [20160127-17:45:47.339] thr=9   paramiko.transport: userauth is OK
INF [20160127-17:45:47.380] thr=9   paramiko.transport: Authentication (publickey) successful!
DEB [20160127-17:45:47.383] thr=9   paramiko.transport: Received global request "hostkeys-00@openssh.com"
DEB [20160127-17:45:47.383] thr=9   paramiko.transport: Rejecting "hostkeys-00@openssh.com" global request from server.
DEB [20160127-17:45:47.386] thr=9   paramiko.transport: kex algos:[u'curve25519-sha256@libssh.org', u'diffie-hellman-group-exchange-sha256', u'diffie-hellman-group14-sha1'] server key:[u'ssh-rsa', u'ssh-ed25519'] client encrypt:[u'chacha20-poly1305@openssh.com', u'aes128-ctr', u'aes192-ctr', u'aes256-ctr', u'aes128-gcm@openssh.com', u'aes256-gcm@openssh.com'] server encrypt:[u'chacha20-poly1305@openssh.com', u'aes128-ctr', u'aes192-ctr', u'aes256-ctr', u'aes128-gcm@openssh.com', u'aes256-gcm@openssh.com'] client mac:[u'umac-64-etm@openssh.com', u'umac-128-etm@openssh.com', u'hmac-sha2-256-etm@openssh.com', u'hmac-sha2-512-etm@openssh.com', u'hmac-sha1-etm@openssh.com', u'umac-64@openssh.com', u'umac-128@openssh.com', u'hmac-sha2-256', u'hmac-sha2-512', u'hmac-sha1'] server mac:[u'umac-64-etm@openssh.com', u'umac-128-etm@openssh.com', u'hmac-sha2-256-etm@openssh.com', u'hmac-sha2-512-etm@openssh.com', u'hmac-sha1-etm@openssh.com', u'umac-64@openssh.com', u'umac-128@openssh.com', u'hmac-sha2-256', u'hmac-sha2-512', u'hmac-sha1'] client compress:[u'none', u'zlib@openssh.com'] server compress:[u'none', u'zlib@openssh.com'] client lang:[u''] server lang:[u''] kex follows?False
DEB [20160127-17:45:47.387] thr=9   paramiko.transport: Ciphers agreed: local=aes128-ctr, remote=aes128-ctr
DEB [20160127-17:45:47.388] thr=9   paramiko.transport: using kex diffie-hellman-group14-sha1; server key type ssh-rsa; cipher: local aes128-ctr, remote aes128-ctr; mac: local hmac-sha1, remote hmac-sha1; compression: local none, remote none
DEB [20160127-17:45:47.411] thr=2   paramiko.transport: [chan 1] Max packet in: 32768 bytes
DEB [20160127-17:45:47.478] thr=9   paramiko.transport: Switch to new keys ...
DEB [20160127-17:45:47.517] thr=9   paramiko.transport: [chan 1] Max packet out: 32768 bytes
DEB [20160127-17:45:47.518] thr=9   paramiko.transport: Secsh channel 1 opened.
DEB [20160127-17:45:47.525] thr=9   paramiko.transport: [chan 1] Sesch channel 1 request ok
DEB [20160127-17:45:50.064] thr=9   paramiko.transport: [chan 1] EOF received (1)
DEB [20160127-17:45:50.644] thr=10  paramiko.transport: starting thread (client mode): 0xb6927cd0L
INF [20160127-17:45:50.651] thr=10  paramiko.transport: Connected (version 2.0, client OpenSSH_7.1p1-hpn14v9)
DEB [20160127-17:45:50.651] thr=10  paramiko.transport: kex algos:[u'curve25519-sha256@libssh.org', u'diffie-hellman-group-exchange-sha256', u'diffie-hellman-group14-sha1'] server key:[u'ssh-rsa', u'ssh-ed25519'] client encrypt:[u'chacha20-poly1305@openssh.com', u'aes128-ctr', u'aes192-ctr', u'aes256-ctr', u'aes128-gcm@openssh.com', u'aes256-gcm@openssh.com'] server encrypt:[u'chacha20-poly1305@openssh.com', u'aes128-ctr', u'aes192-ctr', u'aes256-ctr', u'aes128-gcm@openssh.com', u'aes256-gcm@openssh.com'] client mac:[u'umac-64-etm@openssh.com', u'umac-128-etm@openssh.com', u'hmac-sha2-256-etm@openssh.com', u'hmac-sha2-512-etm@openssh.com', u'hmac-sha1-etm@openssh.com', u'umac-64@openssh.com', u'umac-128@openssh.com', u'hmac-sha2-256', u'hmac-sha2-512', u'hmac-sha1'] server mac:[u'umac-64-etm@openssh.com', u'umac-128-etm@openssh.com', u'hmac-sha2-256-etm@openssh.com', u'hmac-sha2-512-etm@openssh.com', u'hmac-sha1-etm@openssh.com', u'umac-64@openssh.com', u'umac-128@openssh.com', u'hmac-sha2-256', u'hmac-sha2-512', u'hmac-sha1'] client compress:[u'none', u'zlib@openssh.com'] server compress:[u'none', u'zlib@openssh.com'] client lang:[u''] server lang:[u''] kex follows?False
DEB [20160127-17:45:50.651] thr=10  paramiko.transport: Ciphers agreed: local=aes128-ctr, remote=aes128-ctr
DEB [20160127-17:45:50.652] thr=10  paramiko.transport: using kex diffie-hellman-group14-sha1; server key type ssh-rsa; cipher: local aes128-ctr, remote aes128-ctr; mac: local hmac-sha1, remote hmac-sha1; compression: local none, remote none
DEB [20160127-17:45:50.728] thr=10  paramiko.transport: Switch to new keys ...
DEB [20160127-17:45:50.745] thr=2   paramiko.transport: Adding ssh-rsa host key for 192.168.0.46: 49657eb43b7ed966e7592c0655d8d565
DEB [20160127-17:45:50.746] thr=2   paramiko.transport: Trying key 57aa487af1720de7894c7ed624ad45f1 from /home/oldbay/Dropbox/work/VEGA/web_service/deploy_resp_server/key/id_rsa
DEB [20160127-17:45:50.768] thr=10  paramiko.transport: userauth is OK
INF [20160127-17:45:50.808] thr=10  paramiko.transport: Authentication (publickey) successful!
DEB [20160127-17:45:50.811] thr=10  paramiko.transport: Received global request "hostkeys-00@openssh.com"
DEB [20160127-17:45:50.811] thr=10  paramiko.transport: Rejecting "hostkeys-00@openssh.com" global request from server.
DEB [20160127-17:45:50.812] thr=10  paramiko.transport: kex algos:[u'curve25519-sha256@libssh.org', u'diffie-hellman-group-exchange-sha256', u'diffie-hellman-group14-sha1'] server key:[u'ssh-rsa', u'ssh-ed25519'] client encrypt:[u'chacha20-poly1305@openssh.com', u'aes128-ctr', u'aes192-ctr', u'aes256-ctr', u'aes128-gcm@openssh.com', u'aes256-gcm@openssh.com'] server encrypt:[u'chacha20-poly1305@openssh.com', u'aes128-ctr', u'aes192-ctr', u'aes256-ctr', u'aes128-gcm@openssh.com', u'aes256-gcm@openssh.com'] client mac:[u'umac-64-etm@openssh.com', u'umac-128-etm@openssh.com', u'hmac-sha2-256-etm@openssh.com', u'hmac-sha2-512-etm@openssh.com', u'hmac-sha1-etm@openssh.com', u'umac-64@openssh.com', u'umac-128@openssh.com', u'hmac-sha2-256', u'hmac-sha2-512', u'hmac-sha1'] server mac:[u'umac-64-etm@openssh.com', u'umac-128-etm@openssh.com', u'hmac-sha2-256-etm@openssh.com', u'hmac-sha2-512-etm@openssh.com', u'hmac-sha1-etm@openssh.com', u'umac-64@openssh.com', u'umac-128@openssh.com', u'hmac-sha2-256', u'hmac-sha2-512', u'hmac-sha1'] client compress:[u'none', u'zlib@openssh.com'] server compress:[u'none', u'zlib@openssh.com'] client lang:[u''] server lang:[u''] kex follows?False
DEB [20160127-17:45:50.812] thr=10  paramiko.transport: Ciphers agreed: local=aes128-ctr, remote=aes128-ctr
DEB [20160127-17:45:50.812] thr=10  paramiko.transport: using kex diffie-hellman-group14-sha1; server key type ssh-rsa; cipher: local aes128-ctr, remote aes128-ctr; mac: local hmac-sha1, remote hmac-sha1; compression: local none, remote none
DEB [20160127-17:45:50.836] thr=2   paramiko.transport: [chan 1] Max packet in: 32768 bytes
DEB [20160127-17:45:50.894] thr=10  paramiko.transport: Switch to new keys ...
DEB [20160127-17:45:50.935] thr=10  paramiko.transport: [chan 1] Max packet out: 32768 bytes
DEB [20160127-17:45:50.935] thr=10  paramiko.transport: Secsh channel 1 opened.
DEB [20160127-17:45:50.942] thr=10  paramiko.transport: [chan 1] Sesch channel 1 request ok
DEB [20160127-17:45:51.591] thr=10  paramiko.transport: [chan 1] EOF received (1)
DEB [20160127-17:45:51.855] thr=11  paramiko.transport: starting thread (client mode): 0xb693a350L
INF [20160127-17:45:51.861] thr=11  paramiko.transport: Connected (version 2.0, client OpenSSH_7.1p1-hpn14v9)
DEB [20160127-17:45:51.866] thr=11  paramiko.transport: kex algos:[u'curve25519-sha256@libssh.org', u'diffie-hellman-group-exchange-sha256', u'diffie-hellman-group14-sha1'] server key:[u'ssh-rsa', u'ssh-ed25519'] client encrypt:[u'chacha20-poly1305@openssh.com', u'aes128-ctr', u'aes192-ctr', u'aes256-ctr', u'aes128-gcm@openssh.com', u'aes256-gcm@openssh.com'] server encrypt:[u'chacha20-poly1305@openssh.com', u'aes128-ctr', u'aes192-ctr', u'aes256-ctr', u'aes128-gcm@openssh.com', u'aes256-gcm@openssh.com'] client mac:[u'umac-64-etm@openssh.com', u'umac-128-etm@openssh.com', u'hmac-sha2-256-etm@openssh.com', u'hmac-sha2-512-etm@openssh.com', u'hmac-sha1-etm@openssh.com', u'umac-64@openssh.com', u'umac-128@openssh.com', u'hmac-sha2-256', u'hmac-sha2-512', u'hmac-sha1'] server mac:[u'umac-64-etm@openssh.com', u'umac-128-etm@openssh.com', u'hmac-sha2-256-etm@openssh.com', u'hmac-sha2-512-etm@openssh.com', u'hmac-sha1-etm@openssh.com', u'umac-64@openssh.com', u'umac-128@openssh.com', u'hmac-sha2-256', u'hmac-sha2-512', u'hmac-sha1'] client compress:[u'none', u'zlib@openssh.com'] server compress:[u'none', u'zlib@openssh.com'] client lang:[u''] server lang:[u''] kex follows?False
DEB [20160127-17:45:51.867] thr=11  paramiko.transport: Ciphers agreed: local=aes128-ctr, remote=aes128-ctr
DEB [20160127-17:45:51.867] thr=11  paramiko.transport: using kex diffie-hellman-group14-sha1; server key type ssh-rsa; cipher: local aes128-ctr, remote aes128-ctr; mac: local hmac-sha1, remote hmac-sha1; compression: local none, remote none
DEB [20160127-17:45:51.923] thr=11  paramiko.transport: Switch to new keys ...
DEB [20160127-17:45:51.954] thr=2   paramiko.transport: Adding ssh-rsa host key for 192.168.0.46: 49657eb43b7ed966e7592c0655d8d565
DEB [20160127-17:45:51.956] thr=2   paramiko.transport: Trying key 57aa487af1720de7894c7ed624ad45f1 from /home/oldbay/Dropbox/work/VEGA/web_service/deploy_resp_server/key/id_rsa
DEB [20160127-17:45:51.963] thr=11  paramiko.transport: userauth is OK
INF [20160127-17:45:52.004] thr=11  paramiko.transport: Authentication (publickey) successful!
DEB [20160127-17:45:52.007] thr=11  paramiko.transport: Received global request "hostkeys-00@openssh.com"
DEB [20160127-17:45:52.007] thr=11  paramiko.transport: Rejecting "hostkeys-00@openssh.com" global request from server.
DEB [20160127-17:45:52.008] thr=11  paramiko.transport: kex algos:[u'curve25519-sha256@libssh.org', u'diffie-hellman-group-exchange-sha256', u'diffie-hellman-group14-sha1'] server key:[u'ssh-rsa', u'ssh-ed25519'] client encrypt:[u'chacha20-poly1305@openssh.com', u'aes128-ctr', u'aes192-ctr', u'aes256-ctr', u'aes128-gcm@openssh.com', u'aes256-gcm@openssh.com'] server encrypt:[u'chacha20-poly1305@openssh.com', u'aes128-ctr', u'aes192-ctr', u'aes256-ctr', u'aes128-gcm@openssh.com', u'aes256-gcm@openssh.com'] client mac:[u'umac-64-etm@openssh.com', u'umac-128-etm@openssh.com', u'hmac-sha2-256-etm@openssh.com', u'hmac-sha2-512-etm@openssh.com', u'hmac-sha1-etm@openssh.com', u'umac-64@openssh.com', u'umac-128@openssh.com', u'hmac-sha2-256', u'hmac-sha2-512', u'hmac-sha1'] server mac:[u'umac-64-etm@openssh.com', u'umac-128-etm@openssh.com', u'hmac-sha2-256-etm@openssh.com', u'hmac-sha2-512-etm@openssh.com', u'hmac-sha1-etm@openssh.com', u'umac-64@openssh.com', u'umac-128@openssh.com', u'hmac-sha2-256', u'hmac-sha2-512', u'hmac-sha1'] client compress:[u'none', u'zlib@openssh.com'] server compress:[u'none', u'zlib@openssh.com'] client lang:[u''] server lang:[u''] kex follows?False
DEB [20160127-17:45:52.008] thr=11  paramiko.transport: Ciphers agreed: local=aes128-ctr, remote=aes128-ctr
DEB [20160127-17:45:52.008] thr=11  paramiko.transport: using kex diffie-hellman-group14-sha1; server key type ssh-rsa; cipher: local aes128-ctr, remote aes128-ctr; mac: local hmac-sha1, remote hmac-sha1; compression: local none, remote none
DEB [20160127-17:45:52.032] thr=2   paramiko.transport: [chan 1] Max packet in: 32768 bytes
DEB [20160127-17:45:52.093] thr=11  paramiko.transport: Switch to new keys ...
DEB [20160127-17:45:52.133] thr=11  paramiko.transport: [chan 1] Max packet out: 32768 bytes
DEB [20160127-17:45:52.133] thr=11  paramiko.transport: Secsh channel 1 opened.
DEB [20160127-17:45:52.141] thr=11  paramiko.transport: [chan 1] Sesch channel 1 request ok
DEB [20160127-17:45:58.577] thr=11  paramiko.transport: [chan 1] EOF received (1)
DEB [20160127-17:45:59.883] thr=12  paramiko.transport: starting thread (client mode): 0xb68d6890L
INF [20160127-17:45:59.889] thr=12  paramiko.transport: Connected (version 2.0, client OpenSSH_7.1p1-hpn14v9)
DEB [20160127-17:45:59.892] thr=12  paramiko.transport: kex algos:[u'curve25519-sha256@libssh.org', u'diffie-hellman-group-exchange-sha256', u'diffie-hellman-group14-sha1'] server key:[u'ssh-rsa', u'ssh-ed25519'] client encrypt:[u'chacha20-poly1305@openssh.com', u'aes128-ctr', u'aes192-ctr', u'aes256-ctr', u'aes128-gcm@openssh.com', u'aes256-gcm@openssh.com'] server encrypt:[u'chacha20-poly1305@openssh.com', u'aes128-ctr', u'aes192-ctr', u'aes256-ctr', u'aes128-gcm@openssh.com', u'aes256-gcm@openssh.com'] client mac:[u'umac-64-etm@openssh.com', u'umac-128-etm@openssh.com', u'hmac-sha2-256-etm@openssh.com', u'hmac-sha2-512-etm@openssh.com', u'hmac-sha1-etm@openssh.com', u'umac-64@openssh.com', u'umac-128@openssh.com', u'hmac-sha2-256', u'hmac-sha2-512', u'hmac-sha1'] server mac:[u'umac-64-etm@openssh.com', u'umac-128-etm@openssh.com', u'hmac-sha2-256-etm@openssh.com', u'hmac-sha2-512-etm@openssh.com', u'hmac-sha1-etm@openssh.com', u'umac-64@openssh.com', u'umac-128@openssh.com', u'hmac-sha2-256', u'hmac-sha2-512', u'hmac-sha1'] client compress:[u'none', u'zlib@openssh.com'] server compress:[u'none', u'zlib@openssh.com'] client lang:[u''] server lang:[u''] kex follows?False
DEB [20160127-17:45:59.893] thr=12  paramiko.transport: Ciphers agreed: local=aes128-ctr, remote=aes128-ctr
DEB [20160127-17:45:59.893] thr=12  paramiko.transport: using kex diffie-hellman-group14-sha1; server key type ssh-rsa; cipher: local aes128-ctr, remote aes128-ctr; mac: local hmac-sha1, remote hmac-sha1; compression: local none, remote none
DEB [20160127-17:45:59.951] thr=12  paramiko.transport: Switch to new keys ...
DEB [20160127-17:45:59.981] thr=2   paramiko.transport: Adding ssh-rsa host key for 192.168.0.46: 49657eb43b7ed966e7592c0655d8d565
DEB [20160127-17:45:59.982] thr=2   paramiko.transport: Trying key 57aa487af1720de7894c7ed624ad45f1 from /home/oldbay/Dropbox/work/VEGA/web_service/deploy_resp_server/key/id_rsa
DEB [20160127-17:45:59.991] thr=12  paramiko.transport: userauth is OK
INF [20160127-17:46:00.032] thr=12  paramiko.transport: Authentication (publickey) successful!
DEB [20160127-17:46:00.035] thr=12  paramiko.transport: Received global request "hostkeys-00@openssh.com"
DEB [20160127-17:46:00.035] thr=12  paramiko.transport: Rejecting "hostkeys-00@openssh.com" global request from server.
DEB [20160127-17:46:00.036] thr=12  paramiko.transport: kex algos:[u'curve25519-sha256@libssh.org', u'diffie-hellman-group-exchange-sha256', u'diffie-hellman-group14-sha1'] server key:[u'ssh-rsa', u'ssh-ed25519'] client encrypt:[u'chacha20-poly1305@openssh.com', u'aes128-ctr', u'aes192-ctr', u'aes256-ctr', u'aes128-gcm@openssh.com', u'aes256-gcm@openssh.com'] server encrypt:[u'chacha20-poly1305@openssh.com', u'aes128-ctr', u'aes192-ctr', u'aes256-ctr', u'aes128-gcm@openssh.com', u'aes256-gcm@openssh.com'] client mac:[u'umac-64-etm@openssh.com', u'umac-128-etm@openssh.com', u'hmac-sha2-256-etm@openssh.com', u'hmac-sha2-512-etm@openssh.com', u'hmac-sha1-etm@openssh.com', u'umac-64@openssh.com', u'umac-128@openssh.com', u'hmac-sha2-256', u'hmac-sha2-512', u'hmac-sha1'] server mac:[u'umac-64-etm@openssh.com', u'umac-128-etm@openssh.com', u'hmac-sha2-256-etm@openssh.com', u'hmac-sha2-512-etm@openssh.com', u'hmac-sha1-etm@openssh.com', u'umac-64@openssh.com', u'umac-128@openssh.com', u'hmac-sha2-256', u'hmac-sha2-512', u'hmac-sha1'] client compress:[u'none', u'zlib@openssh.com'] server compress:[u'none', u'zlib@openssh.com'] client lang:[u''] server lang:[u''] kex follows?False
DEB [20160127-17:46:00.036] thr=12  paramiko.transport: Ciphers agreed: local=aes128-ctr, remote=aes128-ctr
DEB [20160127-17:46:00.036] thr=12  paramiko.transport: using kex diffie-hellman-group14-sha1; server key type ssh-rsa; cipher: local aes128-ctr, remote aes128-ctr; mac: local hmac-sha1, remote hmac-sha1; compression: local none, remote none
DEB [20160127-17:46:00.060] thr=2   paramiko.transport: [chan 1] Max packet in: 32768 bytes
DEB [20160127-17:46:00.121] thr=12  paramiko.transport: Switch to new keys ...
DEB [20160127-17:46:00.161] thr=12  paramiko.transport: [chan 1] Max packet out: 32768 bytes
DEB [20160127-17:46:00.161] thr=12  paramiko.transport: Secsh channel 1 opened.
DEB [20160127-17:46:00.168] thr=12  paramiko.transport: [chan 1] Sesch channel 1 request ok
DEB [20160127-17:46:00.863] thr=12  paramiko.transport: [chan 1] EOF received (1)
DEB [20160127-17:46:01.182] thr=13  paramiko.transport: starting thread (client mode): 0xb691b110L
INF [20160127-17:46:01.188] thr=13  paramiko.transport: Connected (version 2.0, client OpenSSH_7.1p1-hpn14v9)
DEB [20160127-17:46:01.191] thr=13  paramiko.transport: kex algos:[u'curve25519-sha256@libssh.org', u'diffie-hellman-group-exchange-sha256', u'diffie-hellman-group14-sha1'] server key:[u'ssh-rsa', u'ssh-ed25519'] client encrypt:[u'chacha20-poly1305@openssh.com', u'aes128-ctr', u'aes192-ctr', u'aes256-ctr', u'aes128-gcm@openssh.com', u'aes256-gcm@openssh.com'] server encrypt:[u'chacha20-poly1305@openssh.com', u'aes128-ctr', u'aes192-ctr', u'aes256-ctr', u'aes128-gcm@openssh.com', u'aes256-gcm@openssh.com'] client mac:[u'umac-64-etm@openssh.com', u'umac-128-etm@openssh.com', u'hmac-sha2-256-etm@openssh.com', u'hmac-sha2-512-etm@openssh.com', u'hmac-sha1-etm@openssh.com', u'umac-64@openssh.com', u'umac-128@openssh.com', u'hmac-sha2-256', u'hmac-sha2-512', u'hmac-sha1'] server mac:[u'umac-64-etm@openssh.com', u'umac-128-etm@openssh.com', u'hmac-sha2-256-etm@openssh.com', u'hmac-sha2-512-etm@openssh.com', u'hmac-sha1-etm@openssh.com', u'umac-64@openssh.com', u'umac-128@openssh.com', u'hmac-sha2-256', u'hmac-sha2-512', u'hmac-sha1'] client compress:[u'none', u'zlib@openssh.com'] server compress:[u'none', u'zlib@openssh.com'] client lang:[u''] server lang:[u''] kex follows?False
DEB [20160127-17:46:01.191] thr=13  paramiko.transport: Ciphers agreed: local=aes128-ctr, remote=aes128-ctr
DEB [20160127-17:46:01.191] thr=13  paramiko.transport: using kex diffie-hellman-group14-sha1; server key type ssh-rsa; cipher: local aes128-ctr, remote aes128-ctr; mac: local hmac-sha1, remote hmac-sha1; compression: local none, remote none
DEB [20160127-17:46:01.248] thr=13  paramiko.transport: Switch to new keys ...
DEB [20160127-17:46:01.279] thr=2   paramiko.transport: Adding ssh-rsa host key for 192.168.0.46: 49657eb43b7ed966e7592c0655d8d565
DEB [20160127-17:46:01.281] thr=2   paramiko.transport: Trying key 57aa487af1720de7894c7ed624ad45f1 from /home/oldbay/Dropbox/work/VEGA/web_service/deploy_resp_server/key/id_rsa
DEB [20160127-17:46:01.288] thr=13  paramiko.transport: userauth is OK
INF [20160127-17:46:01.331] thr=13  paramiko.transport: Authentication (publickey) successful!
DEB [20160127-17:46:01.334] thr=13  paramiko.transport: Received global request "hostkeys-00@openssh.com"
DEB [20160127-17:46:01.334] thr=13  paramiko.transport: Rejecting "hostkeys-00@openssh.com" global request from server.
DEB [20160127-17:46:01.335] thr=13  paramiko.transport: kex algos:[u'curve25519-sha256@libssh.org', u'diffie-hellman-group-exchange-sha256', u'diffie-hellman-group14-sha1'] server key:[u'ssh-rsa', u'ssh-ed25519'] client encrypt:[u'chacha20-poly1305@openssh.com', u'aes128-ctr', u'aes192-ctr', u'aes256-ctr', u'aes128-gcm@openssh.com', u'aes256-gcm@openssh.com'] server encrypt:[u'chacha20-poly1305@openssh.com', u'aes128-ctr', u'aes192-ctr', u'aes256-ctr', u'aes128-gcm@openssh.com', u'aes256-gcm@openssh.com'] client mac:[u'umac-64-etm@openssh.com', u'umac-128-etm@openssh.com', u'hmac-sha2-256-etm@openssh.com', u'hmac-sha2-512-etm@openssh.com', u'hmac-sha1-etm@openssh.com', u'umac-64@openssh.com', u'umac-128@openssh.com', u'hmac-sha2-256', u'hmac-sha2-512', u'hmac-sha1'] server mac:[u'umac-64-etm@openssh.com', u'umac-128-etm@openssh.com', u'hmac-sha2-256-etm@openssh.com', u'hmac-sha2-512-etm@openssh.com', u'hmac-sha1-etm@openssh.com', u'umac-64@openssh.com', u'umac-128@openssh.com', u'hmac-sha2-256', u'hmac-sha2-512', u'hmac-sha1'] client compress:[u'none', u'zlib@openssh.com'] server compress:[u'none', u'zlib@openssh.com'] client lang:[u''] server lang:[u''] kex follows?False
DEB [20160127-17:46:01.335] thr=13  paramiko.transport: Ciphers agreed: local=aes128-ctr, remote=aes128-ctr
DEB [20160127-17:46:01.335] thr=13  paramiko.transport: using kex diffie-hellman-group14-sha1; server key type ssh-rsa; cipher: local aes128-ctr, remote aes128-ctr; mac: local hmac-sha1, remote hmac-sha1; compression: local none, remote none
DEB [20160127-17:46:01.358] thr=2   paramiko.transport: [chan 1] Max packet in: 32768 bytes
DEB [20160127-17:46:01.416] thr=13  paramiko.transport: Switch to new keys ...
DEB [20160127-17:46:01.458] thr=13  paramiko.transport: [chan 1] Max packet out: 32768 bytes
DEB [20160127-17:46:01.459] thr=13  paramiko.transport: Secsh channel 1 opened.
DEB [20160127-17:46:01.464] thr=13  paramiko.transport: [chan 1] Sesch channel 1 request ok
DEB [20160127-17:46:02.030] thr=13  paramiko.transport: [chan 1] EOF received (1)
DEB [20160127-17:46:02.302] thr=14  paramiko.transport: starting thread (client mode): 0xb68ff190L
INF [20160127-17:46:02.308] thr=14  paramiko.transport: Connected (version 2.0, client OpenSSH_7.1p1-hpn14v9)
DEB [20160127-17:46:02.311] thr=14  paramiko.transport: kex algos:[u'curve25519-sha256@libssh.org', u'diffie-hellman-group-exchange-sha256', u'diffie-hellman-group14-sha1'] server key:[u'ssh-rsa', u'ssh-ed25519'] client encrypt:[u'chacha20-poly1305@openssh.com', u'aes128-ctr', u'aes192-ctr', u'aes256-ctr', u'aes128-gcm@openssh.com', u'aes256-gcm@openssh.com'] server encrypt:[u'chacha20-poly1305@openssh.com', u'aes128-ctr', u'aes192-ctr', u'aes256-ctr', u'aes128-gcm@openssh.com', u'aes256-gcm@openssh.com'] client mac:[u'umac-64-etm@openssh.com', u'umac-128-etm@openssh.com', u'hmac-sha2-256-etm@openssh.com', u'hmac-sha2-512-etm@openssh.com', u'hmac-sha1-etm@openssh.com', u'umac-64@openssh.com', u'umac-128@openssh.com', u'hmac-sha2-256', u'hmac-sha2-512', u'hmac-sha1'] server mac:[u'umac-64-etm@openssh.com', u'umac-128-etm@openssh.com', u'hmac-sha2-256-etm@openssh.com', u'hmac-sha2-512-etm@openssh.com', u'hmac-sha1-etm@openssh.com', u'umac-64@openssh.com', u'umac-128@openssh.com', u'hmac-sha2-256', u'hmac-sha2-512', u'hmac-sha1'] client compress:[u'none', u'zlib@openssh.com'] server compress:[u'none', u'zlib@openssh.com'] client lang:[u''] server lang:[u''] kex follows?False
DEB [20160127-17:46:02.311] thr=14  paramiko.transport: Ciphers agreed: local=aes128-ctr, remote=aes128-ctr
DEB [20160127-17:46:02.311] thr=14  paramiko.transport: using kex diffie-hellman-group14-sha1; server key type ssh-rsa; cipher: local aes128-ctr, remote aes128-ctr; mac: local hmac-sha1, remote hmac-sha1; compression: local none, remote none
DEB [20160127-17:46:02.368] thr=14  paramiko.transport: Switch to new keys ...
DEB [20160127-17:46:02.399] thr=2   paramiko.transport: Adding ssh-rsa host key for 192.168.0.46: 49657eb43b7ed966e7592c0655d8d565
DEB [20160127-17:46:02.401] thr=2   paramiko.transport: Trying key 57aa487af1720de7894c7ed624ad45f1 from /home/oldbay/Dropbox/work/VEGA/web_service/deploy_resp_server/key/id_rsa
DEB [20160127-17:46:02.408] thr=14  paramiko.transport: userauth is OK
INF [20160127-17:46:02.449] thr=14  paramiko.transport: Authentication (publickey) successful!
DEB [20160127-17:46:02.452] thr=14  paramiko.transport: Received global request "hostkeys-00@openssh.com"
DEB [20160127-17:46:02.453] thr=14  paramiko.transport: Rejecting "hostkeys-00@openssh.com" global request from server.
DEB [20160127-17:46:02.454] thr=14  paramiko.transport: kex algos:[u'curve25519-sha256@libssh.org', u'diffie-hellman-group-exchange-sha256', u'diffie-hellman-group14-sha1'] server key:[u'ssh-rsa', u'ssh-ed25519'] client encrypt:[u'chacha20-poly1305@openssh.com', u'aes128-ctr', u'aes192-ctr', u'aes256-ctr', u'aes128-gcm@openssh.com', u'aes256-gcm@openssh.com'] server encrypt:[u'chacha20-poly1305@openssh.com', u'aes128-ctr', u'aes192-ctr', u'aes256-ctr', u'aes128-gcm@openssh.com', u'aes256-gcm@openssh.com'] client mac:[u'umac-64-etm@openssh.com', u'umac-128-etm@openssh.com', u'hmac-sha2-256-etm@openssh.com', u'hmac-sha2-512-etm@openssh.com', u'hmac-sha1-etm@openssh.com', u'umac-64@openssh.com', u'umac-128@openssh.com', u'hmac-sha2-256', u'hmac-sha2-512', u'hmac-sha1'] server mac:[u'umac-64-etm@openssh.com', u'umac-128-etm@openssh.com', u'hmac-sha2-256-etm@openssh.com', u'hmac-sha2-512-etm@openssh.com', u'hmac-sha1-etm@openssh.com', u'umac-64@openssh.com', u'umac-128@openssh.com', u'hmac-sha2-256', u'hmac-sha2-512', u'hmac-sha1'] client compress:[u'none', u'zlib@openssh.com'] server compress:[u'none', u'zlib@openssh.com'] client lang:[u''] server lang:[u''] kex follows?False
DEB [20160127-17:46:02.454] thr=14  paramiko.transport: Ciphers agreed: local=aes128-ctr, remote=aes128-ctr
DEB [20160127-17:46:02.454] thr=14  paramiko.transport: using kex diffie-hellman-group14-sha1; server key type ssh-rsa; cipher: local aes128-ctr, remote aes128-ctr; mac: local hmac-sha1, remote hmac-sha1; compression: local none, remote none
DEB [20160127-17:46:02.477] thr=2   paramiko.transport: [chan 1] Max packet in: 32768 bytes
DEB [20160127-17:46:02.541] thr=14  paramiko.transport: Switch to new keys ...
DEB [20160127-17:46:02.581] thr=14  paramiko.transport: [chan 1] Max packet out: 32768 bytes
DEB [20160127-17:46:02.581] thr=14  paramiko.transport: Secsh channel 1 opened.
DEB [20160127-17:46:02.584] thr=14  paramiko.transport: [chan 1] Sesch channel 1 request ok
DEB [20160127-17:46:02.701] thr=14  paramiko.transport: [chan 1] EOF received (1)
DEB [20160127-17:46:02.754] thr=15  paramiko.transport: starting thread (client mode): 0xb691bc90L
INF [20160127-17:46:02.760] thr=15  paramiko.transport: Connected (version 2.0, client OpenSSH_7.1p1-hpn14v9)
DEB [20160127-17:46:02.762] thr=15  paramiko.transport: kex algos:[u'curve25519-sha256@libssh.org', u'diffie-hellman-group-exchange-sha256', u'diffie-hellman-group14-sha1'] server key:[u'ssh-rsa', u'ssh-ed25519'] client encrypt:[u'chacha20-poly1305@openssh.com', u'aes128-ctr', u'aes192-ctr', u'aes256-ctr', u'aes128-gcm@openssh.com', u'aes256-gcm@openssh.com'] server encrypt:[u'chacha20-poly1305@openssh.com', u'aes128-ctr', u'aes192-ctr', u'aes256-ctr', u'aes128-gcm@openssh.com', u'aes256-gcm@openssh.com'] client mac:[u'umac-64-etm@openssh.com', u'umac-128-etm@openssh.com', u'hmac-sha2-256-etm@openssh.com', u'hmac-sha2-512-etm@openssh.com', u'hmac-sha1-etm@openssh.com', u'umac-64@openssh.com', u'umac-128@openssh.com', u'hmac-sha2-256', u'hmac-sha2-512', u'hmac-sha1'] server mac:[u'umac-64-etm@openssh.com', u'umac-128-etm@openssh.com', u'hmac-sha2-256-etm@openssh.com', u'hmac-sha2-512-etm@openssh.com', u'hmac-sha1-etm@openssh.com', u'umac-64@openssh.com', u'umac-128@openssh.com', u'hmac-sha2-256', u'hmac-sha2-512', u'hmac-sha1'] client compress:[u'none', u'zlib@openssh.com'] server compress:[u'none', u'zlib@openssh.com'] client lang:[u''] server lang:[u''] kex follows?False
DEB [20160127-17:46:02.762] thr=15  paramiko.transport: Ciphers agreed: local=aes128-ctr, remote=aes128-ctr
DEB [20160127-17:46:02.762] thr=15  paramiko.transport: using kex diffie-hellman-group14-sha1; server key type ssh-rsa; cipher: local aes128-ctr, remote aes128-ctr; mac: local hmac-sha1, remote hmac-sha1; compression: local none, remote none
DEB [20160127-17:46:02.820] thr=15  paramiko.transport: Switch to new keys ...
DEB [20160127-17:46:02.851] thr=2   paramiko.transport: Adding ssh-rsa host key for 192.168.0.46: 49657eb43b7ed966e7592c0655d8d565
DEB [20160127-17:46:02.852] thr=2   paramiko.transport: Trying key 57aa487af1720de7894c7ed624ad45f1 from /home/oldbay/Dropbox/work/VEGA/web_service/deploy_resp_server/key/id_rsa
DEB [20160127-17:46:02.859] thr=15  paramiko.transport: userauth is OK
INF [20160127-17:46:02.900] thr=15  paramiko.transport: Authentication (publickey) successful!
DEB [20160127-17:46:02.901] thr=15  paramiko.transport: Received global request "hostkeys-00@openssh.com"
DEB [20160127-17:46:02.902] thr=15  paramiko.transport: Rejecting "hostkeys-00@openssh.com" global request from server.
DEB [20160127-17:46:02.903] thr=15  paramiko.transport: kex algos:[u'curve25519-sha256@libssh.org', u'diffie-hellman-group-exchange-sha256', u'diffie-hellman-group14-sha1'] server key:[u'ssh-rsa', u'ssh-ed25519'] client encrypt:[u'chacha20-poly1305@openssh.com', u'aes128-ctr', u'aes192-ctr', u'aes256-ctr', u'aes128-gcm@openssh.com', u'aes256-gcm@openssh.com'] server encrypt:[u'chacha20-poly1305@openssh.com', u'aes128-ctr', u'aes192-ctr', u'aes256-ctr', u'aes128-gcm@openssh.com', u'aes256-gcm@openssh.com'] client mac:[u'umac-64-etm@openssh.com', u'umac-128-etm@openssh.com', u'hmac-sha2-256-etm@openssh.com', u'hmac-sha2-512-etm@openssh.com', u'hmac-sha1-etm@openssh.com', u'umac-64@openssh.com', u'umac-128@openssh.com', u'hmac-sha2-256', u'hmac-sha2-512', u'hmac-sha1'] server mac:[u'umac-64-etm@openssh.com', u'umac-128-etm@openssh.com', u'hmac-sha2-256-etm@openssh.com', u'hmac-sha2-512-etm@openssh.com', u'hmac-sha1-etm@openssh.com', u'umac-64@openssh.com', u'umac-128@openssh.com', u'hmac-sha2-256', u'hmac-sha2-512', u'hmac-sha1'] client compress:[u'none', u'zlib@openssh.com'] server compress:[u'none', u'zlib@openssh.com'] client lang:[u''] server lang:[u''] kex follows?False
DEB [20160127-17:46:02.903] thr=15  paramiko.transport: Ciphers agreed: local=aes128-ctr, remote=aes128-ctr
DEB [20160127-17:46:02.903] thr=15  paramiko.transport: using kex diffie-hellman-group14-sha1; server key type ssh-rsa; cipher: local aes128-ctr, remote aes128-ctr; mac: local hmac-sha1, remote hmac-sha1; compression: local none, remote none
DEB [20160127-17:46:02.927] thr=2   paramiko.transport: [chan 1] Max packet in: 32768 bytes
DEB [20160127-17:46:02.984] thr=15  paramiko.transport: Switch to new keys ...
DEB [20160127-17:46:03.024] thr=15  paramiko.transport: [chan 1] Max packet out: 32768 bytes
DEB [20160127-17:46:03.024] thr=15  paramiko.transport: Secsh channel 1 opened.
DEB [20160127-17:46:03.032] thr=15  paramiko.transport: [chan 1] Sesch channel 1 request ok
DEB [20160127-17:46:03.102] thr=15  paramiko.transport: [chan 1] EOF received (1)
